# JRE version: Java(TM) SE Runtime Environment (17.0.12+8) (build 17.0.12+8-LTS-286)
# Java VM: Java HotSpot(TM) 64-Bit Server VM (17.0.12+8-LTS-286, mixed mode, sharing, tiered, compressed oops, compressed class ptrs, g1 gc, windows-amd64)
GC Precious Log:
 CPUs: 16 total, 16 available
 Memory: 7501M
 Large Page Support: Disabled
 NUMA Support: Disabled
 Compressed Oops: Enabled (32-bit)
 Heap Region Size: 1M
 Heap Min Capacity: 256M
 Heap Initial Capacity: 256M
 Heap Max Capacity: 512M
 Pre-touch: Disabled
 Parallel Workers: 13
 Concurrent Workers: 3
 Concurrent Refinement Workers: 13
 Periodic GC: Disabled
Heap:
 garbage-first heap   total 262144K, used 146192K [0x00000000e0000000, 0x0000000100000000)
  region size 1024K, 97 young (99328K), 10 survivors (10240K)
 Metaspace       used 38103K, committed 38464K, reserved 1114112K
  class space    used 4245K, committed 4416K, reserved 1048576K
GC Heap History (20 events):
Event: 1.448 GC heap before
{Heap before GC invocations=0 (full 0):
 garbage-first heap   total 262144K, used 23552K [0x00000000e0000000, 0x0000000100000000)
  region size 1024K, 23 young (23552K), 0 survivors (0K)
 Metaspace       used 5454K, committed 5632K, reserved 1114112K
  class space    used 660K, committed 768K, reserved 1048576K
}
Event: 1.459 GC heap after
{Heap after GC invocations=1 (full 0):
 garbage-first heap   total 262144K, used 3672K [0x00000000e0000000, 0x0000000100000000)
  region size 1024K, 3 young (3072K), 3 survivors (3072K)
 Metaspace       used 5454K, committed 5632K, reserved 1114112K
  class space    used 660K, committed 768K, reserved 1048576K
}
Event: 2.638 GC heap before
{Heap before GC invocations=1 (full 0):
 garbage-first heap   total 262144K, used 35416K [0x00000000e0000000, 0x0000000100000000)
  region size 1024K, 34 young (34816K), 3 survivors (3072K)
 Metaspace       used 9847K, committed 9984K, reserved 1114112K
  class space    used 1199K, committed 1280K, reserved 1048576K
}
Event: 2.645 GC heap after
{Heap after GC invocations=2 (full 0):
 garbage-first heap   total 262144K, used 5483K [0x00000000e0000000, 0x0000000100000000)
  region size 1024K, 2 young (2048K), 2 survivors (2048K)
 Metaspace       used 9847K, committed 9984K, reserved 1114112K
  class space    used 1199K, committed 1280K, reserved 1048576K
}
Event: 9.926 GC heap before
{Heap before GC invocations=2 (full 0):
 garbage-first heap   total 262144K, used 152939K [0x00000000e0000000, 0x0000000100000000)
  region size 1024K, 147 young (150528K), 2 survivors (2048K)
 Metaspace       used 21291K, committed 21504K, reserved 1114112K
  class space    used 2495K, committed 2624K, reserved 1048576K
}
Event: 10.090 GC heap after
{Heap after GC invocations=3 (full 0):
 garbage-first heap   total 262144K, used 15843K [0x00000000e0000000, 0x0000000100000000)
  region size 1024K, 12 young (12288K), 12 survivors (12288K)
 Metaspace       used 21291K, committed 21504K, reserved 1114112K
  class space    used 2495K, committed 2624K, reserved 1048576K
}
Event: 16.141 GC heap before
{Heap before GC invocations=4 (full 0):
 garbage-first heap   total 262144K, used 137699K [0x00000000e0000000, 0x0000000100000000)
  region size 1024K, 130 young (133120K), 12 survivors (12288K)
 Metaspace       used 28590K, committed 28864K, reserved 1114112K
  class space    used 3191K, committed 3328K, reserved 1048576K
}
Event: 16.179 GC heap after
{Heap after GC invocations=5 (full 0):
 garbage-first heap   total 262144K, used 36948K [0x00000000e0000000, 0x0000000100000000)
  region size 1024K, 17 young (17408K), 17 survivors (17408K)
 Metaspace       used 28590K, committed 28864K, reserved 1114112K
  class space    used 3191K, committed 3328K, reserved 1048576K
}
Event: 17.574 GC heap before
{Heap before GC invocations=5 (full 0):
 garbage-first heap   total 262144K, used 114772K [0x00000000e0000000, 0x0000000100000000)
  region size 1024K, 93 young (95232K), 17 survivors (17408K)
 Metaspace       used 29189K, committed 29504K, reserved 1114112K
  class space    used 3245K, committed 3392K, reserved 1048576K
}
Event: 17.605 GC heap after
{Heap after GC invocations=6 (full 0):
 garbage-first heap   total 262144K, used 43933K [0x00000000e0000000, 0x0000000100000000)
  region size 1024K, 6 young (6144K), 6 survivors (6144K)
 Metaspace       used 29189K, committed 29504K, reserved 1114112K
  class space    used 3245K, committed 3392K, reserved 1048576K
}
Event: 19.203 GC heap before
{Heap before GC invocations=6 (full 0):
 garbage-first heap   total 262144K, used 194461K [0x00000000e0000000, 0x0000000100000000)
  region size 1024K, 152 young (155648K), 6 survivors (6144K)
 Metaspace       used 29417K, committed 29760K, reserved 1114112K
  class space    used 3272K, committed 3456K, reserved 1048576K
}
Event: 19.226 GC heap after
{Heap after GC invocations=7 (full 0):
 garbage-first heap   total 262144K, used 48740K [0x00000000e0000000, 0x0000000100000000)
  region size 1024K, 10 young (10240K), 10 survivors (10240K)
 Metaspace       used 29417K, committed 29760K, reserved 1114112K
  class space    used 3272K, committed 3456K, reserved 1048576K
}
Event: 22.434 GC heap before
{Heap before GC invocations=7 (full 0):
 garbage-first heap   total 262144K, used 197220K [0x00000000e0000000, 0x0000000100000000)
  region size 1024K, 153 young (156672K), 10 survivors (10240K)
 Metaspace       used 35910K, committed 36352K, reserved 1114112K
  class space    used 4023K, committed 4224K, reserved 1048576K
}
Event: 22.462 GC heap after
{Heap after GC invocations=8 (full 0):
 garbage-first heap   total 262144K, used 55536K [0x00000000e0000000, 0x0000000100000000)
  region size 1024K, 16 young (16384K), 16 survivors (16384K)
 Metaspace       used 35910K, committed 36352K, reserved 1114112K
  class space    used 4023K, committed 4224K, reserved 1048576K
}
Event: 23.344 GC heap before
{Heap before GC invocations=8 (full 0):
 garbage-first heap   total 262144K, used 102640K [0x00000000e0000000, 0x0000000100000000)
  region size 1024K, 63 young (64512K), 16 survivors (16384K)
 Metaspace       used 36029K, committed 36416K, reserved 1114112K
  class space    used 4026K, committed 4224K, reserved 1048576K
}
Event: 23.376 GC heap after
{Heap after GC invocations=9 (full 0):
 garbage-first heap   total 262144K, used 58755K [0x00000000e0000000, 0x0000000100000000)
  region size 1024K, 10 young (10240K), 10 survivors (10240K)
 Metaspace       used 36029K, committed 36416K, reserved 1114112K
  class space    used 4026K, committed 4224K, reserved 1048576K
}
Event: 24.960 GC heap before
{Heap before GC invocations=10 (full 0):
 garbage-first heap   total 262144K, used 205187K [0x00000000e0000000, 0x0000000100000000)
  region size 1024K, 153 young (156672K), 10 survivors (10240K)
 Metaspace       used 36097K, committed 36480K, reserved 1114112K
  class space    used 4026K, committed 4224K, reserved 1048576K
}
Event: 24.973 GC heap after
{Heap after GC invocations=11 (full 0):
 garbage-first heap   total 262144K, used 56162K [0x00000000e0000000, 0x0000000100000000)
  region size 1024K, 8 young (8192K), 8 survivors (8192K)
 Metaspace       used 36097K, committed 36480K, reserved 1114112K
  class space    used 4026K, committed 4224K, reserved 1048576K
}
Event: 26.743 GC heap before
{Heap before GC invocations=11 (full 0):
 garbage-first heap   total 262144K, used 204642K [0x00000000e0000000, 0x0000000100000000)
  region size 1024K, 153 young (156672K), 8 survivors (8192K)
 Metaspace       used 36128K, committed 36544K, reserved 1114112K
  class space    used 4026K, committed 4224K, reserved 1048576K
}
Event: 26.759 GC heap after
{Heap after GC invocations=12 (full 0):
 garbage-first heap   total 262144K, used 58128K [0x00000000e0000000, 0x0000000100000000)
  region size 1024K, 10 young (10240K), 10 survivors (10240K)
 Metaspace       used 36128K, committed 36544K, reserved 1114112K
  class space    used 4026K, committed 4224K, reserved 1048576K
}

