# JRE version: Java(TM) SE Runtime Environment (17.0.12+8) (build 17.0.12+8-LTS-286)
# Java VM: Java HotSpot(TM) 64-Bit Server VM (17.0.12+8-LTS-286, mixed mode, sharing, tiered, compressed oops, compressed class ptrs, g1 gc, windows-amd64)
GC Precious Log:
 CPUs: 16 total, 16 available
 Memory: 7501M
 Large Page Support: Disabled
 NUMA Support: Disabled
 Compressed Oops: Enabled (32-bit)
 Heap Region Size: 1M
 Heap Min Capacity: 8M
 Heap Initial Capacity: 118M
 Heap Max Capacity: 1876M
 Pre-touch: Disabled
 Parallel Workers: 13
 Concurrent Workers: 3
 Concurrent Refinement Workers: 13
 Periodic GC: Disabled
Heap:
 garbage-first heap   total 187392K, used 61689K [0x000000008ac00000, 0x0000000100000000)
  region size 1024K, 5 young (5120K), 5 survivors (5120K)
 Metaspace       used 38243K, committed 38592K, reserved 1114112K
  class space    used 4246K, committed 4416K, reserved 1048576K
GC Heap History (20 events):
Event: 18.609 GC heap after
{Heap after GC invocations=12 (full 0):
 garbage-first heap   total 129024K, used 43353K [0x000000008ac00000, 0x0000000100000000)
  region size 1024K, 5 young (5120K), 5 survivors (5120K)
 Metaspace       used 29251K, committed 29568K, reserved 1114112K
  class space    used 3245K, committed 3392K, reserved 1048576K
}
Event: 20.484 GC heap before
{Heap before GC invocations=12 (full 0):
 garbage-first heap   total 129024K, used 94553K [0x000000008ac00000, 0x0000000100000000)
  region size 1024K, 55 young (56320K), 5 survivors (5120K)
 Metaspace       used 29408K, committed 29696K, reserved 1114112K
  class space    used 3268K, committed 3392K, reserved 1048576K
}
Event: 20.515 GC heap after
{Heap after GC invocations=13 (full 0):
 garbage-first heap   total 155648K, used 45923K [0x000000008ac00000, 0x0000000100000000)
  region size 1024K, 6 young (6144K), 6 survivors (6144K)
 Metaspace       used 29408K, committed 29696K, reserved 1114112K
  class space    used 3268K, committed 3392K, reserved 1048576K
}
Event: 22.235 GC heap before
{Heap before GC invocations=13 (full 0):
 garbage-first heap   total 155648K, used 115555K [0x000000008ac00000, 0x0000000100000000)
  region size 1024K, 73 young (74752K), 6 survivors (6144K)
 Metaspace       used 29473K, committed 29824K, reserved 1114112K
  class space    used 3271K, committed 3456K, reserved 1048576K
}
Event: 22.263 GC heap after
{Heap after GC invocations=14 (full 0):
 garbage-first heap   total 155648K, used 49653K [0x000000008ac00000, 0x0000000100000000)
  region size 1024K, 6 young (6144K), 6 survivors (6144K)
 Metaspace       used 29473K, committed 29824K, reserved 1114112K
  class space    used 3271K, committed 3456K, reserved 1048576K
}
Event: 23.381 GC heap before
{Heap before GC invocations=14 (full 0):
 garbage-first heap   total 155648K, used 120309K [0x000000008ac00000, 0x0000000100000000)
  region size 1024K, 73 young (74752K), 6 survivors (6144K)
 Metaspace       used 30765K, committed 31104K, reserved 1114112K
  class space    used 3425K, committed 3584K, reserved 1048576K
}
Event: 23.409 GC heap after
{Heap after GC invocations=15 (full 0):
 garbage-first heap   total 155648K, used 52398K [0x000000008ac00000, 0x0000000100000000)
  region size 1024K, 5 young (5120K), 5 survivors (5120K)
 Metaspace       used 30765K, committed 31104K, reserved 1114112K
  class space    used 3425K, committed 3584K, reserved 1048576K
}
Event: 27.223 GC heap before
{Heap before GC invocations=15 (full 0):
 garbage-first heap   total 155648K, used 121006K [0x000000008ac00000, 0x0000000100000000)
  region size 1024K, 72 young (73728K), 5 survivors (5120K)
 Metaspace       used 35631K, committed 36096K, reserved 1114112K
  class space    used 4008K, committed 4224K, reserved 1048576K
}
Event: 27.251 GC heap after
{Heap after GC invocations=16 (full 0):
 garbage-first heap   total 155648K, used 56554K [0x000000008ac00000, 0x0000000100000000)
  region size 1024K, 6 young (6144K), 6 survivors (6144K)
 Metaspace       used 35631K, committed 36096K, reserved 1114112K
  class space    used 4008K, committed 4224K, reserved 1048576K
}
Event: 27.541 GC heap before
{Heap before GC invocations=16 (full 0):
 garbage-first heap   total 155648K, used 67818K [0x000000008ac00000, 0x0000000100000000)
  region size 1024K, 18 young (18432K), 6 survivors (6144K)
 Metaspace       used 35755K, committed 36160K, reserved 1114112K
  class space    used 4008K, committed 4224K, reserved 1048576K
}
Event: 27.555 GC heap after
{Heap after GC invocations=17 (full 0):
 garbage-first heap   total 155648K, used 57266K [0x000000008ac00000, 0x0000000100000000)
  region size 1024K, 5 young (5120K), 5 survivors (5120K)
 Metaspace       used 35755K, committed 36160K, reserved 1114112K
  class space    used 4008K, committed 4224K, reserved 1048576K
}
Event: 29.308 GC heap before
{Heap before GC invocations=18 (full 0):
 garbage-first heap   total 155648K, used 124850K [0x000000008ac00000, 0x0000000100000000)
  region size 1024K, 71 young (72704K), 5 survivors (5120K)
 Metaspace       used 36066K, committed 36480K, reserved 1114112K
  class space    used 4027K, committed 4224K, reserved 1048576K
}
Event: 29.337 GC heap after
{Heap after GC invocations=19 (full 0):
 garbage-first heap   total 187392K, used 61290K [0x000000008ac00000, 0x0000000100000000)
  region size 1024K, 9 young (9216K), 9 survivors (9216K)
 Metaspace       used 36066K, committed 36480K, reserved 1114112K
  class space    used 4027K, committed 4224K, reserved 1048576K
}
Event: 30.330 GC heap before
{Heap before GC invocations=19 (full 0):
 garbage-first heap   total 187392K, used 149354K [0x000000008ac00000, 0x0000000100000000)
  region size 1024K, 95 young (97280K), 9 survivors (9216K)
 Metaspace       used 36129K, committed 36544K, reserved 1114112K
  class space    used 4027K, committed 4224K, reserved 1048576K
}
Event: 30.365 GC heap after
{Heap after GC invocations=20 (full 0):
 garbage-first heap   total 187392K, used 61020K [0x000000008ac00000, 0x0000000100000000)
  region size 1024K, 5 young (5120K), 5 survivors (5120K)
 Metaspace       used 36129K, committed 36544K, reserved 1114112K
  class space    used 4027K, committed 4224K, reserved 1048576K
}
Event: 30.971 GC heap before
{Heap before GC invocations=20 (full 0):
 garbage-first heap   total 187392K, used 154204K [0x000000008ac00000, 0x0000000100000000)
  region size 1024K, 96 young (98304K), 5 survivors (5120K)
 Metaspace       used 36160K, committed 36544K, reserved 1114112K
  class space    used 4027K, committed 4224K, reserved 1048576K
}
Event: 30.984 GC heap after
{Heap after GC invocations=21 (full 0):
 garbage-first heap   total 187392K, used 60665K [0x000000008ac00000, 0x0000000100000000)
  region size 1024K, 4 young (4096K), 4 survivors (4096K)
 Metaspace       used 36160K, committed 36544K, reserved 1114112K
  class space    used 4027K, committed 4224K, reserved 1048576K
}
Event: 31.524 GC heap before
{Heap before GC invocations=21 (full 0):
 garbage-first heap   total 187392K, used 155897K [0x000000008ac00000, 0x0000000100000000)
  region size 1024K, 97 young (99328K), 4 survivors (4096K)
 Metaspace       used 36176K, committed 36544K, reserved 1114112K
  class space    used 4027K, committed 4224K, reserved 1048576K
}
Event: 31.540 GC heap after
{Heap after GC invocations=22 (full 0):
 garbage-first heap   total 187392K, used 61248K [0x000000008ac00000, 0x0000000100000000)
  region size 1024K, 5 young (5120K), 5 survivors (5120K)
 Metaspace       used 36176K, committed 36544K, reserved 1114112K
  class space    used 4027K, committed 4224K, reserved 1048576K
}
Event: 34.166 GC heap before
{Heap before GC invocations=22 (full 0):
 garbage-first heap   total 187392K, used 155456K [0x000000008ac00000, 0x0000000100000000)
  region size 1024K, 97 young (99328K), 5 survivors (5120K)
 Metaspace       used 38243K, committed 38592K, reserved 1114112K
  class space    used 4246K, committed 4416K, reserved 1048576K
}

